#
# A fatal error has been detected by the Java Runtime Environment:
#
#  SIGSEGV (0xb) at pc=0x00007f6d6f9de44d, pid=8748, tid=8766
#
# JRE version: OpenJDK Runtime Environment (11.0.5+10) (build 11.0.5+10-post-Ubuntu-2ubuntu116.04)
# Java VM: OpenJDK 64-Bit Server VM (11.0.5+10-post-Ubuntu-2ubuntu116.04, mixed mode, sharing, tiered, compressed oops, g1 gc, linux-amd64)
# Problematic frame:
# C  [libjimage.so+0x244d]
#
# Core dump will be written. Default location: Core dumps may be processed with "/usr/share/apport/apport %p %s %c %d %P" (or dumping to /media/nuno/HDD/work/projects/specs-hw/ARM/core.8748)
#
# If you would like to submit a bug report, please visit:
#   https://bugs.launchpad.net/ubuntu/+source/openjdk-lts
#

---------------  S U M M A R Y ------------

Command Line: -agentlib:jdwp=transport=dt_socket,suspend=y,address=localhost:33613 -ea -javaagent:/home/nuno/eclipse/java-2019-06/eclipse/configuration/org.eclipse.osgi/220/0/.cp/lib/javaagent-shaded.jar -Dfile.encoding=UTF-8 org.eclipse.jdt.internal.junit.runner.RemoteTestRunner -version 3 -port 46237 -testLoaderClass org.eclipse.jdt.internal.junit4.runner.JUnit4TestLoader -loaderpluginname org.eclipse.jdt.junit4.runtime -test org.specs.Arm.asm.ArmFrequentSequenceDetectorTester:testTrace

Host: Intel(R) Core(TM) i7-6700K CPU @ 4.00GHz, 8 cores, 31G, Ubuntu 16.04.6 LTS
Time: Wed Dec  4 14:07:28 2019 WET elapsed time: 76 seconds (0d 0h 1m 16s)

---------------  T H R E A D  ---------------

Current thread (0x00007f6d7029f000):  JavaThread "Signal Dispatcher" daemon [_thread_in_vm, id=8766, stack(0x00007f6d394fd000,0x00007f6d395fe000)]

Stack: [0x00007f6d394fd000,0x00007f6d395fe000],  sp=0x00007f6d395fb180,  free space=1016k
Native frames: (J=compiled Java code, A=aot compiled Java code, j=interpreted, Vv=VM code, C=native code)
C  [libjimage.so+0x244d]
C  [libjimage.so+0x313a]
C  [libjimage.so+0x3616]  JIMAGE_FindResource+0xd6
V  [libjvm.so+0x586abe]
V  [libjvm.so+0x589604]
V  [libjvm.so+0xceadda]
V  [libjvm.so+0xce96cd]
V  [libjvm.so+0xce9aa2]
V  [libjvm.so+0x632931]
V  [libjvm.so+0x81c21c]
j  jdk.internal.misc.Signal.dispatch(I)V+25 java.base@11.0.5
v  ~StubRoutines::call_stub
V  [libjvm.so+0x82c392]
V  [libjvm.so+0x82b1b0]
V  [libjvm.so+0xb830fa]
V  [libjvm.so+0xd21f53]
V  [libjvm.so+0xd221b6]
V  [libjvm.so+0xd1dec6]
V  [libjvm.so+0xb9462e]

Java frames: (J=compiled Java code, j=interpreted, Vv=VM code)
j  jdk.internal.misc.Signal.dispatch(I)V+25 java.base@11.0.5
v  ~StubRoutines::call_stub

siginfo: si_signo: 11 (SIGSEGV), si_code: 1 (SEGV_MAPERR), si_addr: 0x00007f6d6732a760

Register to memory mapping:

RAX=0x00000000000041d1 is an unknown value
RBX=0x00007f6d395fb231 is pointing into the stack for thread: 0x00007f6d7029f000
RCX=0x00007f6d6731a01c is an unknown value
RDX=0x00000000000041d1 is an unknown value
RSP=0x00007f6d395fb180 is pointing into the stack for thread: 0x00007f6d7029f000
RBP=0x00007f6d395fb1a0 is pointing into the stack for thread: 0x00007f6d7029f000
RSI=0x00007f6d395fb230 is pointing into the stack for thread: 0x00007f6d7029f000
RDI=0x00007f6d6fbe1130: <offset 0x0000000000205130> in /usr/lib/jvm/java-11-openjdk-amd64/lib/libjimage.so at 0x00007f6d6f9dc000
R8 =0x0 is NULL
R9 =0x00007f6d395fb253 is pointing into the stack for thread: 0x00007f6d7029f000
R10=0x0000000000000028 is an unknown value
R11=0x00007f6d774dfe10: <offset 0x0000000000187e10> in /lib/x86_64-linux-gnu/libc.so.6 at 0x00007f6d77358000
R12=0x00007f6d395fb230 is pointing into the stack for thread: 0x00007f6d7029f000
R13=0x0000000000008385 is an unknown value
R14=0x00007f6d395fc2c8 is pointing into the stack for thread: 0x00007f6d7029f000
R15=0x00007f6d7029f760 points into unknown readable memory: 6a 64 6b 2f 69 6e 74 65


Registers:
RAX=0x00000000000041d1, RBX=0x00007f6d395fb231, RCX=0x00007f6d6731a01c, RDX=0x00000000000041d1
RSP=0x00007f6d395fb180, RBP=0x00007f6d395fb1a0, RSI=0x00007f6d395fb230, RDI=0x00007f6d6fbe1130
R8 =0x0000000000000000, R9 =0x00007f6d395fb253, R10=0x0000000000000028, R11=0x00007f6d774dfe10
R12=0x00007f6d395fb230, R13=0x0000000000008385, R14=0x00007f6d395fc2c8, R15=0x00007f6d7029f760
RIP=0x00007f6d6f9de44d, EFLAGS=0x0000000000010246, CSGSFS=0x0000000000000033, ERR=0x0000000000000004
  TRAPNO=0x000000000000000e

Top of Stack: (sp=0x00007f6d395fb180)
0x00007f6d395fb180:   0000000000000000 00007f6d70023f80
0x00007f6d395fb190:   0000000000000000 00007f6d395fb230
0x00007f6d395fb1a0:   00007f6d395fb210 00007f6d6f9df13a
0x00007f6d395fb1b0:   0000000000000000 0000000000000000 

Instructions: (pc=0x00007f6d6f9de44d)
0x00007f6d6f9de34d:   00 00 00 48 89 cf 48 89 4d 98 e8 f4 f2 ff ff 48
0x00007f6d6f9de35d:   8b 4d 98 4c 63 e8 48 89 df 4c 89 ea 41 89 c6 4c
0x00007f6d6f9de36d:   01 eb 48 89 ce e8 d9 f3 ff ff e9 0b fe ff ff 0f
0x00007f6d6f9de37d:   1f 40 00 8b 02 41 89 01 44 89 c0 8b 4c 02 fc 41
0x00007f6d6f9de38d:   89 4c 01 fc e9 25 ff ff ff 44 89 c0 0f b7 4c 02
0x00007f6d6f9de39d:   fe 66 41 89 4c 01 fe e9 12 ff ff ff 0f 1f 80 00
0x00007f6d6f9de3ad:   00 00 00 