#
# A fatal error has been detected by the Java Runtime Environment:
#
#  SIGSEGV (0xb) at pc=0x00007f1af06ad44d, pid=8152, tid=8169
#
# JRE version: OpenJDK Runtime Environment (11.0.5+10) (build 11.0.5+10-post-Ubuntu-2ubuntu116.04)
# Java VM: OpenJDK 64-Bit Server VM (11.0.5+10-post-Ubuntu-2ubuntu116.04, mixed mode, sharing, tiered, compressed oops, g1 gc, linux-amd64)
# Problematic frame:
# C  [libjimage.so+0x244d]
#
# Core dump will be written. Default location: Core dumps may be processed with "/usr/share/apport/apport %p %s %c %d %P" (or dumping to /media/nuno/HDD/work/projects/specs-hw/ARM/core.8152)
#
# If you would like to submit a bug report, please visit:
#   https://bugs.launchpad.net/ubuntu/+source/openjdk-lts
#

---------------  S U M M A R Y ------------

Command Line: -agentlib:jdwp=transport=dt_socket,suspend=y,address=localhost:46785 -ea -javaagent:/home/nuno/eclipse/java-2019-06/eclipse/configuration/org.eclipse.osgi/220/0/.cp/lib/javaagent-shaded.jar -Dfile.encoding=UTF-8 org.eclipse.jdt.internal.junit.runner.RemoteTestRunner -version 3 -port 45472 -testLoaderClass org.eclipse.jdt.internal.junit4.runner.JUnit4TestLoader -loaderpluginname org.eclipse.jdt.junit4.runtime -test org.specs.Arm.asm.ArmFrequentSequenceDetectorTester:testTrace

Host: Intel(R) Core(TM) i7-6700K CPU @ 4.00GHz, 8 cores, 31G, Ubuntu 16.04.6 LTS
Time: Wed Dec  4 13:57:26 2019 WET elapsed time: 43 seconds (0d 0h 0m 43s)

---------------  T H R E A D  ---------------

Current thread (0x00007f1aec29f000):  JavaThread "Signal Dispatcher" daemon [_thread_in_vm, id=8169, stack(0x00007f1abc18e000,0x00007f1abc28f000)]

Stack: [0x00007f1abc18e000,0x00007f1abc28f000],  sp=0x00007f1abc28c180,  free space=1016k
Native frames: (J=compiled Java code, A=aot compiled Java code, j=interpreted, Vv=VM code, C=native code)
C  [libjimage.so+0x244d]
C  [libjimage.so+0x313a]
C  [libjimage.so+0x3616]